<?xml version="1.0" encoding="UTF-8"?>
<!-- Generated by org.testng.reporters.JUnitReportReporter -->
<testsuite skipped="0" hostname="VAIO" name="com.nick.selenium.MyFirstTest" tests="1" failures="0" timestamp="30 Nov 2018 22:18:00 GMT" time="6.773" errors="0">
  <testcase name="f" time="6.773" classname="com.nick.selenium.MyFirstTest"/>
</testsuite> <!-- com.nick.selenium.MyFirstTest -->
